[INFO  - 2016-03-08T18:20:40.501Z] GhostDriver - Main - running on port 57746
[INFO  - 2016-03-08T18:20:40.766Z] Session [76ccaa90-e55a-11e5-8502-03068391be43] - page.settings - {"XSSAuditingEnabled":false,"javascriptCanCloseWindows":true,"javascriptCanOpenWindows":true,"javascriptEnabled":true,"loadImages":true,"localToRemoteUrlAccessEnabled":false,"userAgent":"Mozilla/5.0 (Macintosh; Intel Mac OS X) AppleWebKit/538.1 (KHTML, like Gecko) PhantomJS/2.1.1 Safari/538.1","webSecurityEnabled":true}
[INFO  - 2016-03-08T18:20:40.766Z] Session [76ccaa90-e55a-11e5-8502-03068391be43] - page.customHeaders:  - {}
[INFO  - 2016-03-08T18:20:40.766Z] Session [76ccaa90-e55a-11e5-8502-03068391be43] - Session.negotiatedCapabilities - {"browserName":"phantomjs","version":"2.1.1","driverName":"ghostdriver","driverVersion":"1.2.0","platform":"mac-10.11 (El Capitan)-64bit","javascriptEnabled":true,"takesScreenshot":true,"handlesAlerts":false,"databaseEnabled":false,"locationContextEnabled":false,"applicationCacheEnabled":false,"browserConnectionEnabled":false,"cssSelectorsEnabled":true,"webStorageEnabled":false,"rotatable":false,"acceptSslCerts":false,"nativeEvents":true,"proxy":{"proxyType":"direct"}}
[INFO  - 2016-03-08T18:20:40.766Z] SessionManagerReqHand - _postNewSessionCommand - New Session Created: 76ccaa90-e55a-11e5-8502-03068391be43
[ERROR - 2016-03-08T18:20:41.698Z] Session [76ccaa90-e55a-11e5-8502-03068391be43] - page.onError - msg: TypeError: undefined is not an object (evaluating 'window.jsmd.v')

  phantomjs://platform/console++.js:263 in error
[ERROR - 2016-03-08T18:20:41.698Z] Session [76ccaa90-e55a-11e5-8502-03068391be43] - page.onError - stack:
  (anonymous function) (undefined:34)

  phantomjs://platform/console++.js:263 in error
[ERROR - 2016-03-08T18:20:41.960Z] Session [76ccaa90-e55a-11e5-8502-03068391be43] - page.onError - msg: TypeError: undefined is not an object (evaluating 'window.jsmd.v')

  phantomjs://platform/console++.js:263 in error
[ERROR - 2016-03-08T18:20:41.960Z] Session [76ccaa90-e55a-11e5-8502-03068391be43] - page.onError - stack:
  (anonymous function) (undefined:34)

  phantomjs://platform/console++.js:263 in error
[ERROR - 2016-03-08T18:20:42.035Z] Session [76ccaa90-e55a-11e5-8502-03068391be43] - page.onError - msg: TypeError: undefined is not an object (evaluating 'window.jsmd.v')

  phantomjs://platform/console++.js:263 in error
[ERROR - 2016-03-08T18:20:42.035Z] Session [76ccaa90-e55a-11e5-8502-03068391be43] - page.onError - stack:
  (anonymous function) (undefined:34)

  phantomjs://platform/console++.js:263 in error
[ERROR - 2016-03-08T18:20:42.277Z] Session [76ccaa90-e55a-11e5-8502-03068391be43] - page.onError - msg: TypeError: undefined is not an object (evaluating 'window.jsmd.v')

  phantomjs://platform/console++.js:263 in error
[ERROR - 2016-03-08T18:20:42.277Z] Session [76ccaa90-e55a-11e5-8502-03068391be43] - page.onError - stack:
  (anonymous function) (undefined:34)

  phantomjs://platform/console++.js:263 in error
[ERROR - 2016-03-08T18:20:42.692Z] Session [76ccaa90-e55a-11e5-8502-03068391be43] - page.onError - msg: SyntaxError: JSON Parse error: Unexpected identifier "MSFAPI"

  phantomjs://platform/console++.js:263 in error
[ERROR - 2016-03-08T18:20:42.692Z] Session [76ccaa90-e55a-11e5-8502-03068391be43] - page.onError - stack:
  parse (https://131788053.cdn.optimizely.com/client_storage/131788053.html:6)
  s (https://131788053.cdn.optimizely.com/client_storage/131788053.html:6)

  phantomjs://platform/console++.js:263 in error
[ERROR - 2016-03-08T18:20:43.584Z] Session [76ccaa90-e55a-11e5-8502-03068391be43] - page.onError - msg: SyntaxError: JSON Parse error: Unexpected identifier "MSFAPI"

  phantomjs://platform/console++.js:263 in error
[ERROR - 2016-03-08T18:20:43.584Z] Session [76ccaa90-e55a-11e5-8502-03068391be43] - page.onError - stack:
  parse (https://131788053.cdn.optimizely.com/client_storage/131788053.html:6)
  s (https://131788053.cdn.optimizely.com/client_storage/131788053.html:6)

  phantomjs://platform/console++.js:263 in error
[ERROR - 2016-03-08T18:20:43.680Z] WebElementLocator - _handleLocateCommand - Element(s) NOT Found: GAVE UP. Search Stop Time: 1457461243605

  phantomjs://platform/console++.js:263 in error
[INFO  - 2016-03-08T18:25:40.513Z] SessionManagerReqHand - _cleanupWindowlessSessions - Asynchronous Sessions clean-up phase starting NOW
[INFO  - 2016-03-08T18:30:40.526Z] SessionManagerReqHand - _cleanupWindowlessSessions - Asynchronous Sessions clean-up phase starting NOW
[INFO  - 2016-03-08T18:35:40.540Z] SessionManagerReqHand - _cleanupWindowlessSessions - Asynchronous Sessions clean-up phase starting NOW
[INFO  - 2016-03-08T18:40:40.554Z] SessionManagerReqHand - _cleanupWindowlessSessions - Asynchronous Sessions clean-up phase starting NOW
[ERROR - 2016-03-08T18:40:42.617Z] Session [76ccaa90-e55a-11e5-8502-03068391be43] - page.onError - msg: TypeError: undefined is not an object (evaluating 'window.jsmd.v')

  phantomjs://platform/console++.js:263 in error
[ERROR - 2016-03-08T18:40:42.617Z] Session [76ccaa90-e55a-11e5-8502-03068391be43] - page.onError - stack:
  (anonymous function) (undefined:34)

  phantomjs://platform/console++.js:263 in error
[ERROR - 2016-03-08T18:40:42.737Z] Session [76ccaa90-e55a-11e5-8502-03068391be43] - page.onError - msg: TypeError: undefined is not an object (evaluating 'window.jsmd.v')

  phantomjs://platform/console++.js:263 in error
[ERROR - 2016-03-08T18:40:42.738Z] Session [76ccaa90-e55a-11e5-8502-03068391be43] - page.onError - stack:
  (anonymous function) (undefined:34)

  phantomjs://platform/console++.js:263 in error
[ERROR - 2016-03-08T18:40:42.836Z] Session [76ccaa90-e55a-11e5-8502-03068391be43] - page.onError - msg: TypeError: undefined is not an object (evaluating 'window.jsmd.v')

  phantomjs://platform/console++.js:263 in error
[ERROR - 2016-03-08T18:40:42.836Z] Session [76ccaa90-e55a-11e5-8502-03068391be43] - page.onError - stack:
  (anonymous function) (undefined:34)

  phantomjs://platform/console++.js:263 in error
[ERROR - 2016-03-08T18:40:45.032Z] Session [76ccaa90-e55a-11e5-8502-03068391be43] - page.onError - msg: SyntaxError: JSON Parse error: Unexpected identifier "MSFAPI"

  phantomjs://platform/console++.js:263 in error
[ERROR - 2016-03-08T18:40:45.032Z] Session [76ccaa90-e55a-11e5-8502-03068391be43] - page.onError - stack:
  parse (https://131788053.cdn.optimizely.com/client_storage/131788053.html:6)
  s (https://131788053.cdn.optimizely.com/client_storage/131788053.html:6)

  phantomjs://platform/console++.js:263 in error
[INFO  - 2016-03-08T18:45:40.567Z] SessionManagerReqHand - _cleanupWindowlessSessions - Asynchronous Sessions clean-up phase starting NOW
[INFO  - 2016-03-08T18:50:40.581Z] SessionManagerReqHand - _cleanupWindowlessSessions - Asynchronous Sessions clean-up phase starting NOW
[INFO  - 2016-03-08T18:55:40.594Z] SessionManagerReqHand - _cleanupWindowlessSessions - Asynchronous Sessions clean-up phase starting NOW
[INFO  - 2016-03-08T19:40:05.248Z] SessionManagerReqHand - _cleanupWindowlessSessions - Asynchronous Sessions clean-up phase starting NOW
[ERROR - 2016-03-08T19:40:42.492Z] Session [76ccaa90-e55a-11e5-8502-03068391be43] - page.onError - msg: TypeError: undefined is not an object (evaluating 'window.jsmd.v')

  phantomjs://platform/console++.js:263 in error
[ERROR - 2016-03-08T19:40:42.492Z] Session [76ccaa90-e55a-11e5-8502-03068391be43] - page.onError - stack:
  (anonymous function) (undefined:34)

  phantomjs://platform/console++.js:263 in error
[ERROR - 2016-03-08T19:40:42.645Z] Session [76ccaa90-e55a-11e5-8502-03068391be43] - page.onError - msg: TypeError: undefined is not an object (evaluating 'window.jsmd.v')

  phantomjs://platform/console++.js:263 in error
[ERROR - 2016-03-08T19:40:42.646Z] Session [76ccaa90-e55a-11e5-8502-03068391be43] - page.onError - stack:
  (anonymous function) (undefined:34)

  phantomjs://platform/console++.js:263 in error
[ERROR - 2016-03-08T19:40:42.700Z] Session [76ccaa90-e55a-11e5-8502-03068391be43] - page.onError - msg: TypeError: undefined is not an object (evaluating 'window.jsmd.v')

  phantomjs://platform/console++.js:263 in error
[ERROR - 2016-03-08T19:40:42.700Z] Session [76ccaa90-e55a-11e5-8502-03068391be43] - page.onError - stack:
  (anonymous function) (undefined:34)

  phantomjs://platform/console++.js:263 in error
[ERROR - 2016-03-08T19:40:42.765Z] Session [76ccaa90-e55a-11e5-8502-03068391be43] - page.onError - msg: TypeError: undefined is not an object (evaluating 'window.jsmd.v')

  phantomjs://platform/console++.js:263 in error
[ERROR - 2016-03-08T19:40:42.765Z] Session [76ccaa90-e55a-11e5-8502-03068391be43] - page.onError - stack:
  (anonymous function) (undefined:34)

  phantomjs://platform/console++.js:263 in error
[ERROR - 2016-03-08T19:40:44.856Z] Session [76ccaa90-e55a-11e5-8502-03068391be43] - page.onError - msg: SyntaxError: JSON Parse error: Unexpected identifier "MSFAPI"

  phantomjs://platform/console++.js:263 in error
[ERROR - 2016-03-08T19:40:44.856Z] Session [76ccaa90-e55a-11e5-8502-03068391be43] - page.onError - stack:
  parse (https://131788053.cdn.optimizely.com/client_storage/131788053.html:6)
  s (https://131788053.cdn.optimizely.com/client_storage/131788053.html:6)

  phantomjs://platform/console++.js:263 in error
[ERROR - 2016-03-08T19:40:44.951Z] Session [76ccaa90-e55a-11e5-8502-03068391be43] - page.onError - msg: SyntaxError: JSON Parse error: Unexpected identifier "MSFAPI"

  phantomjs://platform/console++.js:263 in error
[ERROR - 2016-03-08T19:40:44.951Z] Session [76ccaa90-e55a-11e5-8502-03068391be43] - page.onError - stack:
  parse (https://131788053.cdn.optimizely.com/client_storage/131788053.html:6)
  s (https://131788053.cdn.optimizely.com/client_storage/131788053.html:6)

  phantomjs://platform/console++.js:263 in error
[INFO  - 2016-03-08T19:45:05.262Z] SessionManagerReqHand - _cleanupWindowlessSessions - Asynchronous Sessions clean-up phase starting NOW
[INFO  - 2016-03-08T19:50:05.276Z] SessionManagerReqHand - _cleanupWindowlessSessions - Asynchronous Sessions clean-up phase starting NOW
[INFO  - 2016-03-08T19:55:05.289Z] SessionManagerReqHand - _cleanupWindowlessSessions - Asynchronous Sessions clean-up phase starting NOW
events.js:141
      throw er; // Unhandled 'error' event
      ^

Error: read EIO
    at exports._errnoException (util.js:860:11)
    at TTY.onread (net.js:544:26)
